[2025-11-07 00:47:39] POST /reservas payload: {"nombre_pasajero":"Stiven","documento_pasajero":"1112497357","origen":"Bogota","destino":"Armenia","fecha_ida":"2025-11-06","fecha_vuelta":"2025-11-09","personas":"1"}
[2025-11-07 00:55:30] POST /reservas payload: {"nombre_pasajero":"Stiven","documento_pasajero":"1112497357","origen":"Bogota","destino":"Armenia","fecha_ida":"2025-11-06","fecha_vuelta":"2025-11-09","personas":"1"}
[2025-11-07 00:59:17] POST /reservas payload: {"nombre_pasajero":"Stiven","documento_pasajero":"1112497357","origen":"Bogota","destino":"Armenia","fecha_ida":"2025-11-06","fecha_vuelta":"2025-11-09","personas":"1"}
[2025-11-07 01:05:01] POST /reservas payload: {"nombre_pasajero":"Camilo","documento_pasajero":"11111","origen":"Cali","destino":"USA","fecha_ida":"2025-11-06","fecha_vuelta":"2025-11-09","personas":"1"}
[2025-11-07 01:08:57] POST /reservas payload: {"nombre_pasajero":"Stiven","documento_pasajero":"1112497357","origen":"Bogota","destino":"Armenia","fecha_ida":"2025-11-06","fecha_vuelta":"2025-11-09","personas":"1"}
[2025-11-07 01:15:42] POST /reservas payload: {"nombre_pasajero":"Stiven","documento_pasajero":"1112497357","origen":"Bogota","destino":"Armenia","fecha_ida":"2025-11-06","fecha_vuelta":"2025-11-09","personas":"1"}
[2025-11-07 01:18:48] POST /reservas payload: {"nombre_pasajero":"Stiven","documento_pasajero":"1112497357","origen":"Bogota","destino":"Armenia","fecha_ida":"2025-11-06","fecha_vuelta":"2025-11-09","personas":"1"}
[2025-11-07 01:18:48] PASO 1: Validando campos requeridos...
[2025-11-07 01:18:48] PASO 2: Campos requeridos OK, validando nombre...
[2025-11-07 01:18:48] PASO 2: Campos requeridos OK, validando nombre...
[2025-11-07 01:18:48] PASO 3: Nombre OK, validando documento...
[2025-11-07 01:18:48] PASO 3: Nombre OK, validando documento...
[2025-11-07 01:18:48] PASO 4: Documento OK, preparando datos...
[2025-11-07 01:18:48] PASO 5: Verificando límite de reservas...
[2025-11-07 01:18:48] PASO 5: Verificando límite de reservas...
[2025-11-07 01:18:48] PASO 6: Reservas activas encontradas: 0
[2025-11-07 01:18:48] PASO 7: Límite OK, preparando INSERT...
[2025-11-07 01:23:21] POST /reservas payload: {"nombre_pasajero":"Maria Lopez","documento_pasajero":"98765","origen":"Cali","destino":"Bogota","fecha_ida":"2025-11-09","fecha_vuelta":"2025-11-11","personas":"1"}
[2025-11-07 01:23:21] PASO 1: Validando campos requeridos...
[2025-11-07 01:23:21] PASO 2: Campos requeridos OK, validando nombre...
[2025-11-07 01:23:21] PASO 2: Campos requeridos OK, validando nombre...
[2025-11-07 01:23:21] PASO 3: Nombre OK, validando documento...
[2025-11-07 01:23:21] PASO 3: Nombre OK, validando documento...
[2025-11-07 01:23:21] PASO 4: Documento OK, preparando datos...
[2025-11-07 01:23:21] PASO 5: Verificando límite de reservas...
[2025-11-07 01:23:21] PASO 5: Verificando límite de reservas...
[2025-11-07 01:23:21] PASO 6: Reservas activas encontradas: 0
[2025-11-07 01:23:21] PASO 7: Límite OK, preparando INSERT...
[2025-11-07 01:23:47] POST /reservas payload: {"nombre_pasajero":"Carlos Ruiz","documento_pasajero":"55555","origen":"Medellin","destino":"Cartagena","fecha_ida":"2025-11-10","fecha_vuelta":"2025-11-12","personas":"3"}
[2025-11-07 01:23:47] PASO 1: Validando campos requeridos...
[2025-11-07 01:23:47] PASO 2: Campos requeridos OK, validando nombre...
[2025-11-07 01:23:47] PASO 2: Campos requeridos OK, validando nombre...
[2025-11-07 01:23:47] PASO 3: Nombre OK, validando documento...
[2025-11-07 01:23:47] PASO 3: Nombre OK, validando documento...
[2025-11-07 01:23:47] PASO 4: Documento OK, preparando datos...
[2025-11-07 01:23:47] PASO 5: Verificando límite de reservas...
[2025-11-07 01:23:47] PASO 5: Verificando límite de reservas...
[2025-11-07 01:23:47] PASO 6: Reservas activas encontradas: 0
[2025-11-07 01:23:47] PASO 7: Límite OK, preparando INSERT...
[2025-11-07 01:23:47] DB: database=reservas_vuelos
[2025-11-07 01:23:47] SQL: INSERT INTO reservas (nombre_pasajero, documento_pasajero, origen, destino, fecha_ida, fecha_vuelta, personas) 
        VALUES ('Carlos Ruiz', '55555', 'Medellin', 'Cartagena', '2025-11-10', '2025-11-12', 3)
[2025-11-07 01:23:47] Query result: true
[2025-11-07 01:23:47] INSERT OK id=2 affected=1
[2025-11-07 01:27:57] POST /reservas payload: {"nombre_pasajero":"Stiven","documento_pasajero":"1112497357","origen":"San Andres","destino":"USA","fecha_ida":"2025-11-06","fecha_vuelta":"2025-11-09","personas":"1"}
[2025-11-07 01:27:57] PASO 1: Validando campos requeridos...
[2025-11-07 01:27:57] PASO 2: Campos requeridos OK, validando nombre...
[2025-11-07 01:27:57] PASO 2: Campos requeridos OK, validando nombre...
[2025-11-07 01:27:57] PASO 3: Nombre OK, validando documento...
[2025-11-07 01:27:57] PASO 3: Nombre OK, validando documento...
[2025-11-07 01:27:57] PASO 4: Documento OK, preparando datos...
[2025-11-07 01:27:57] PASO 5: Verificando límite de reservas...
[2025-11-07 01:27:57] PASO 5: Verificando límite de reservas...
[2025-11-07 01:27:57] PASO 6: Reservas activas encontradas: 0
[2025-11-07 01:27:57] PASO 7: Límite OK, preparando INSERT...
[2025-11-07 01:27:57] DB: database=reservas_vuelos
[2025-11-07 01:27:57] SQL: INSERT INTO reservas (nombre_pasajero, documento_pasajero, origen, destino, fecha_ida, fecha_vuelta, personas) 
        VALUES ('Stiven', '1112497357', 'San Andres', 'USA', '2025-11-06', '2025-11-09', 1)
[2025-11-07 01:27:57] Query result: true
[2025-11-07 01:27:57] INSERT OK id=3 affected=1
[2025-11-07 22:04:23] POST /reservas payload: {"nombre_pasajero":"Estiben Restrepo","documento_pasajero":"1029980824","origen":"Villavicencio","destino":"Medellin","fecha_ida":"2025-11-07","fecha_vuelta":"2025-11-28","personas":"1"}
[2025-11-07 22:04:23] PASO 1: Validando campos requeridos...
[2025-11-07 22:04:23] PASO 2: Campos requeridos OK, validando nombre...
[2025-11-07 22:04:23] PASO 2: Campos requeridos OK, validando nombre...
[2025-11-07 22:04:23] PASO 3: Nombre OK, validando documento...
[2025-11-07 22:04:23] PASO 3: Nombre OK, validando documento...
[2025-11-07 22:04:23] PASO 4: Documento OK, preparando datos...
[2025-11-07 22:04:23] PASO 5: Verificando límite de reservas...
[2025-11-07 22:04:23] PASO 5: Verificando límite de reservas...
[2025-11-07 22:04:23] PASO 6: Reservas activas encontradas: 0
[2025-11-07 22:04:23] PASO 7: Límite OK, preparando INSERT...
[2025-11-07 22:04:23] DB: database=reservas_vuelos
[2025-11-07 22:04:23] SQL: INSERT INTO reservas (nombre_pasajero, documento_pasajero, origen, destino, fecha_ida, fecha_vuelta, personas) 
        VALUES ('Estiben Restrepo', '1029980824', 'Villavicencio', 'Medellin', '2025-11-07', '2025-11-28', 1)
[2025-11-07 22:04:23] Query result: true
[2025-11-07 22:04:23] INSERT OK id=4 affected=1
[2025-11-07 22:06:05] POST /reservas payload: {"nombre_pasajero":"laura","documento_pasajero":"454545","origen":"San Andres","destino":"USA","fecha_ida":"2025-11-09","fecha_vuelta":null,"personas":"1"}
[2025-11-07 22:06:05] PASO 1: Validando campos requeridos...
[2025-11-07 22:06:05] PASO 2: Campos requeridos OK, validando nombre...
[2025-11-07 22:06:05] PASO 2: Campos requeridos OK, validando nombre...
[2025-11-07 22:06:05] PASO 3: Nombre OK, validando documento...
[2025-11-07 22:06:05] PASO 3: Nombre OK, validando documento...
[2025-11-07 22:06:05] PASO 4: Documento OK, preparando datos...
[2025-11-07 22:06:05] PASO 5: Verificando límite de reservas...
[2025-11-07 22:06:05] PASO 5: Verificando límite de reservas...
[2025-11-07 22:06:05] PASO 6: Reservas activas encontradas: 0
[2025-11-07 22:06:05] PASO 7: Límite OK, preparando INSERT...
[2025-11-07 22:06:05] DB: database=reservas_vuelos
[2025-11-07 22:06:05] SQL: INSERT INTO reservas (nombre_pasajero, documento_pasajero, origen, destino, fecha_ida, fecha_vuelta, personas) 
        VALUES ('laura', '454545', 'San Andres', 'USA', '2025-11-09', NULL, 1)
[2025-11-07 22:06:05] Query result: true
[2025-11-07 22:06:05] INSERT OK id=5 affected=1
[2025-11-07 22:14:51] POST /reservas payload: {"nombre_pasajero":"Carlos ruiz","documento_pasajero":"55555","origen":"Bogota","destino":"USA","fecha_ida":"2025-11-07","fecha_vuelta":"2025-11-21","personas":"1"}
[2025-11-07 22:14:51] PASO 1: Validando campos requeridos...
[2025-11-07 22:14:51] PASO 2: Campos requeridos OK, validando nombre...
[2025-11-07 22:14:51] PASO 2: Campos requeridos OK, validando nombre...
[2025-11-07 22:14:51] PASO 3: Nombre OK, validando documento...
[2025-11-07 22:14:51] PASO 3: Nombre OK, validando documento...
[2025-11-07 22:14:51] PASO 4: Documento OK, preparando datos...
[2025-11-07 22:14:51] PASO 5: Verificando límite de reservas...
[2025-11-07 22:14:51] PASO 5: Verificando límite de reservas...
[2025-11-07 22:14:51] PASO 6: Reservas activas encontradas: 1
[2025-11-07 22:14:51] PASO 7: Límite OK, preparando INSERT...
[2025-11-07 22:14:51] DB: database=reservas_vuelos
[2025-11-07 22:14:51] SQL: INSERT INTO reservas (nombre_pasajero, documento_pasajero, origen, destino, fecha_ida, fecha_vuelta, personas) 
        VALUES ('Carlos ruiz', '55555', 'Bogota', 'USA', '2025-11-07', '2025-11-21', 1)
[2025-11-07 22:14:51] Query result: true
[2025-11-07 22:14:51] INSERT OK id=6 affected=1
[2025-11-07 22:18:25] POST /reservas payload: {"nombre_pasajero":"Carlos ruiz","documento_pasajero":"55555","origen":"San Andres","destino":"USA","fecha_ida":"2025-11-19","fecha_vuelta":"2025-11-29","personas":"1"}
[2025-11-07 22:18:25] PASO 1: Validando campos requeridos...
[2025-11-07 22:18:25] PASO 2: Campos requeridos OK, validando nombre...
[2025-11-07 22:18:25] PASO 2: Campos requeridos OK, validando nombre...
[2025-11-07 22:18:25] PASO 3: Nombre OK, validando documento...
[2025-11-07 22:18:25] PASO 3: Nombre OK, validando documento...
[2025-11-07 22:18:25] PASO 4: Documento OK, preparando datos...
[2025-11-07 22:18:25] PASO 5: Verificando límite de reservas...
[2025-11-07 22:18:25] PASO 5: Verificando límite de reservas...
[2025-11-07 22:18:25] PASO 6: Reservas activas encontradas: 2
[2025-11-07 22:18:25] ERROR: Límite de reservas activas alcanzado para documento: 55555
[2025-11-07 22:18:27] POST /reservas payload: {"nombre_pasajero":"Carlos ruiz","documento_pasajero":"55555","origen":"San Andres","destino":"USA","fecha_ida":"2025-11-19","fecha_vuelta":"2025-11-29","personas":"1"}
[2025-11-07 22:18:27] PASO 1: Validando campos requeridos...
[2025-11-07 22:18:27] PASO 2: Campos requeridos OK, validando nombre...
[2025-11-07 22:18:27] PASO 2: Campos requeridos OK, validando nombre...
[2025-11-07 22:18:27] PASO 3: Nombre OK, validando documento...
[2025-11-07 22:18:27] PASO 3: Nombre OK, validando documento...
[2025-11-07 22:18:27] PASO 4: Documento OK, preparando datos...
[2025-11-07 22:18:27] PASO 5: Verificando límite de reservas...
[2025-11-07 22:18:27] PASO 5: Verificando límite de reservas...
[2025-11-07 22:18:27] PASO 6: Reservas activas encontradas: 2
[2025-11-07 22:18:27] ERROR: Límite de reservas activas alcanzado para documento: 55555
